<?xml version="1.0" encoding="UTF-8"?>
<testng-results skipped="0" failed="0" ignored="0" total="2" passed="2">
  <reporter-output>
  </reporter-output>
  <suite name="Default suite" duration-ms="70297" started-at="2018-11-19T07:40:38Z" finished-at="2018-11-19T07:41:49Z">
    <groups>
    </groups>
    <test name="Default test" duration-ms="70297" started-at="2018-11-19T07:40:38Z" finished-at="2018-11-19T07:41:49Z">
      <class name="com.crossover.e2e.e2e">
        <test-method status="PASS" signature="setUp()[pri:0, instance:com.crossover.e2e.e2e@4b9e13df]" name="setUp" is-config="true" duration-ms="3160" started-at="2018-11-19T07:40:35Z" finished-at="2018-11-19T07:40:38Z">
          <reporter-output>
          </reporter-output>
        </test-method> <!-- setUp -->
        <test-method status="PASS" signature="testSendEmail()[pri:0, instance:com.crossover.e2e.e2e@4b9e13df]" name="testSendEmail" duration-ms="37375" started-at="2018-11-19T07:40:38Z" finished-at="2018-11-19T07:41:16Z">
          <reporter-output>
          </reporter-output>
        </test-method> <!-- testSendEmail -->
        <test-method status="PASS" signature="tearDown()[pri:0, instance:com.crossover.e2e.e2e@4b9e13df]" name="tearDown" is-config="true" duration-ms="2246" started-at="2018-11-19T07:41:16Z" finished-at="2018-11-19T07:41:18Z">
          <reporter-output>
          </reporter-output>
        </test-method> <!-- tearDown -->
        <test-method status="PASS" signature="verifyMailContents()[pri:0, instance:com.crossover.e2e.e2e@4b9e13df]" name="verifyMailContents" duration-ms="28176" started-at="2018-11-19T07:41:18Z" finished-at="2018-11-19T07:41:46Z">
          <reporter-output>
          </reporter-output>
        </test-method> <!-- verifyMailContents -->
        <test-method status="PASS" signature="tearDown()[pri:0, instance:com.crossover.e2e.e2e@4b9e13df]" name="tearDown" is-config="true" duration-ms="2471" started-at="2018-11-19T07:41:46Z" finished-at="2018-11-19T07:41:49Z">
          <reporter-output>
          </reporter-output>
        </test-method> <!-- tearDown -->
      </class> <!-- com.crossover.e2e.e2e -->
    </test> <!-- Default test -->
  </suite> <!-- Default suite -->
</testng-results>
